cl : 命令行 warning D9035: “Gm”选项已否决，并将在将来的版本中移除
  StdAfx.cpp
cl : 命令行 warning D9035: “Gm”选项已否决，并将在将来的版本中移除
  XzIn.c
  XzEnc.c
  XzDec.c
  XzCrc64.c
  Xz.c
  Threads.c
  Sort.c
  Sha256.c
  Ppmd8Enc.c
  Ppmd8Dec.c
  Ppmd8.c
  Ppmd7Enc.c
  Ppmd7Dec.c
  Ppmd7.c
  MtCoder.c
  LzmaEnc.c
  LzmaDec.c
  Lzma2Enc.c
  Lzma2Dec.c
  LzFindMt.c
  正在生成代码...
  正在编译...
  LzFind.c
  HuffEnc.c
  Delta.c
  CpuArch.c
D:\7z920.tar\7z920\C\CpuArch.c(150,8): warning C4996: 'GetVersionExA': 被声明为已否决
  BwtSort.c
  BraIA64.c
  Bra86.c
  Bra.c
  Bcj2.c
  Alloc.c
  AesOpt.c
  Aes.c
  7zStream.c
  7zCrcOpt.c
  7zCrc.c
  正在生成代码...
cl : 命令行 warning D9035: “Gm”选项已否决，并将在将来的版本中移除
  UserInputUtils.cpp
  UpdateCallbackConsole.cpp
  PercentPrinter.cpp
  OpenCallbackConsole.cpp
  MainAr.cpp
D:\7z920.tar\7z920\CPP\Windows\NtCheck.h(13,13): warning C4996: 'GetVersionExA': 被声明为已否决
  Main.cpp
  List.cpp
  ExtractCallbackConsole.cpp
  ConsoleClose.cpp
D:\7z920.tar\7z920\CPP\7zip\UI\Console\ConsoleClose.cpp(69,1): warning C4297: “NConsoleClose::CCtrlHandlerSetter::~CCtrlHandlerSetter”: 假定函数不引发异常，但确实发生了
D:\7z920.tar\7z920\CPP\7zip\UI\Console\ConsoleClose.cpp(69,1): message : 析构函数或释放器具有一个(可能是隐含的)非引发异常规范
  BenchCon.cpp
  WorkDir.cpp
  UpdateProduce.cpp
  UpdatePair.cpp
  UpdateCallback.cpp
  UpdateAction.cpp
  Update.cpp
  TempFiles.cpp
  SortUtils.cpp
  SetProperties.cpp
  PropIDUtils.cpp
  正在生成代码...
  正在编译...
  OpenArchive.cpp
  LoadCodecs.cpp
  ExtractingFilePath.cpp
  Extract.cpp
  EnumDirItems.cpp
  DefaultName.cpp
  Bench.cpp
  ArchiveOpenCallback.cpp
  ArchiveExtractCallback.cpp
  ArchiveCommandLine.cpp
  ZipStrong.cpp
  ZipCrypto.cpp
  WzAes.cpp
  Sha1.cpp
  RandGen.cpp
  Pbkdf2HmacSha1.cpp
  MyAes.cpp
  HmacSha1.cpp
  7zAesRegister.cpp
  7zAes.cpp
  正在生成代码...
  正在编译...
  ZDecoder.cpp
  ShrinkDecoder.cpp
  QuantumDecoder.cpp
  PpmdZip.cpp
  PpmdRegister.cpp
  PpmdEncoder.cpp
  PpmdDecoder.cpp
  LzxDecoder.cpp
  Lzx86Converter.cpp
  LzOutWindow.cpp
  LzmaRegister.cpp
  LzmaEncoder.cpp
  LzmaDecoder.cpp
  Lzma2Register.cpp
  Lzma2Encoder.cpp
  Lzma2Decoder.cpp
  ImplodeHuffmanDecoder.cpp
  ImplodeDecoder.cpp
  DeltaFilter.cpp
  DeflateRegister.cpp
  正在生成代码...
  正在编译...
  DeflateEncoder.cpp
  DeflateDecoder.cpp
  Deflate64Register.cpp
  CopyRegister.cpp
  CopyCoder.cpp
  BZip2Register.cpp
  BZip2Encoder.cpp
  BZip2Decoder.cpp
  BZip2Crc.cpp
  ByteSwap.cpp
  BranchRegister.cpp
  BranchMisc.cpp
  BranchCoder.cpp
  BitlDecoder.cpp
  BcjRegister.cpp
  BcjCoder.cpp
  Bcj2Register.cpp
  Bcj2Coder.cpp
  VirtThread.cpp
  StreamUtils.cpp
  正在生成代码...
  正在编译...
  StreamObjects.cpp
  StreamBinder.cpp
  ProgressUtils.cpp
  ProgressMt.cpp
  OutMemStream.cpp
  OutBuffer.cpp
  OffsetStream.cpp
  MethodProps.cpp
  MethodId.cpp
  MemBlocks.cpp
  LockedStream.cpp
  LimitedStreams.cpp
  InOutTempBuffer.cpp
  InBuffer.cpp
  FilterCoder.cpp
  FileStreams.cpp
  FilePathAutoRename.cpp
  CWrappers.cpp
  CreateCoder.cpp
  ZipUpdate.cpp
  正在生成代码...
  正在编译...
  ZipRegister.cpp
  ZipOut.cpp
  ZipItem.cpp
  ZipIn.cpp
  ZipHeader.cpp
  ZipHandlerOut.cpp
  ZipHandler.cpp
  ZipAddCommon.cpp
  ZHandler.cpp
  XzHandler.cpp
  TarUpdate.cpp
  TarRegister.cpp
  TarOut.cpp
  TarIn.cpp
  TarHeader.cpp
  TarHandlerOut.cpp
  TarHandler.cpp
  SplitHandler.cpp
  LzmaHandler.cpp
  GzHandler.cpp
  正在生成代码...
  正在编译...
  DeflateProps.cpp
  ParseProperties.cpp
  OutStreamWithCRC.cpp
  MultiStream.cpp
  ItemNameUtils.cpp
  InStreamWithCRC.cpp
  HandlerOut.cpp
  FindSignature.cpp
  DummyOutStream.cpp
  CrossThreadProgress.cpp
  CoderMixer2MT.cpp
  CoderMixer2.cpp
  CabRegister.cpp
  CabIn.cpp
  CabHeader.cpp
  CabHandler.cpp
  CabBlockInStream.cpp
  Bz2Handler.cpp
  7zUpdate.cpp
  7zSpecStream.cpp
  正在生成代码...
  正在编译...
  7zRegister.cpp
  7zProperties.cpp
  7zOut.cpp
  7zIn.cpp
  7zHeader.cpp
  7zHandlerOut.cpp
  7zHandler.cpp
  7zFolderOutStream.cpp
  7zFolderInStream.cpp
  7zExtract.cpp
  7zEncode.cpp
  7zDecode.cpp
  7zCompressionMode.cpp
  Time.cpp
  System.cpp
  Synchronization.cpp
  PropVariantConversions.cpp
  PropVariant.cpp
  MemoryLock.cpp
  FileName.cpp
  正在生成代码...
  正在编译...
  FileIO.cpp
  FileFind.cpp
  FileDir.cpp
  Error.cpp
  DLL.cpp
  Wildcard.cpp
  UTFConvert.cpp
  StringToInt.cpp
  StringConvert.cpp
  StdOutStream.cpp
  StdInStream.cpp
  NewHandler.cpp
  MyVector.cpp
  MyString.cpp
  ListFileUtils.cpp
  IntToString.cpp
  CRC.cpp
  CommandLineParser.cpp
  正在生成代码...
C:\Program Files (x86)\Microsoft Visual Studio\2019\Community\MSBuild\Microsoft\VC\v160\Microsoft.CppBuild.targets(1288,5): warning MSB8012: TargetPath(D:\7z920.tar\7z920\CPP\7zip\Bundles\Alone\.\Debug\Alone.exe) 与 Linker 的 OutputFile 属性值(c:\UTIL\7za.exe)不匹配。这可能导致项目生成不正确。若要更正此问题，请确保 $(OutDir)、$(TargetName) 和 $(TargetExt) 属性值与 %(Link.OutputFile) 中指定的值匹配。
C:\Program Files (x86)\Microsoft Visual Studio\2019\Community\MSBuild\Microsoft\VC\v160\Microsoft.CppBuild.targets(1290,5): warning MSB8012: TargetName(Alone) 与 Linker 的 OutputFile 属性值(7za)不匹配。这可能导致项目生成不正确。若要更正此问题，请确保 $(OutDir)、$(TargetName) 和 $(TargetExt) 属性值与 %(Link.OutputFile) 中指定的值匹配。
7zCrc.obj : warning LNK4075: 忽略“/EDITANDCONTINUE”(由于“/SAFESEH”规范)
  Alone.vcxproj -> D:\7z920.tar\7z920\CPP\7zip\Bundles\Alone\.\Debug\Alone.exe
