  StdAfx.cpp
  7zCrc.c
  Alloc.c
  Sort.c
  Threads.c
  正在生成代码...
  7zCrcOpt.c
  CpuArch.c
D:\github\7zip\7z920.tar\7z920\C\CpuArch.c(150,8): warning C4996: 'GetVersionExA': 被声明为已否决
  Sha256.c
  正在生成代码...
  CRC.cpp
  IntToString.cpp
  Lang.cpp
  MyString.cpp
  MyVector.cpp
  NewHandler.cpp
  Random.cpp
  StringConvert.cpp
  StringToInt.cpp
  TextConfig.cpp
  UTFConvert.cpp
  Wildcard.cpp
  Clipboard.cpp
  CommonDialog.cpp
  ComboBox.cpp
  Dialog.cpp
  ListView.cpp
  PropertyPage.cpp
  Window2.cpp
  DLL.cpp
  正在生成代码...
  正在编译...
  Error.cpp
  FileDir.cpp
  FileFind.cpp
  FileIO.cpp
  FileName.cpp
  FileSystem.cpp
  Memory.cpp
  MemoryLock.cpp
  Menu.cpp
  Net.cpp
  Process.cpp
  PropVariant.cpp
  PropVariantConversions.cpp
  Registry.cpp
  ResourceString.cpp
  Security.cpp
  Shell.cpp
  Synchronization.cpp
  Time.cpp
  Window.cpp
  正在生成代码...
  正在编译...
  OutStreamWithCRC.cpp
  FilePathAutoRename.cpp
  FileStreams.cpp
  ProgressUtils.cpp
  StreamObjects.cpp
  StreamUtils.cpp
  CopyCoder.cpp
  Agent.cpp
  AgentOut.cpp
  AgentProxy.cpp
  ArchiveFolder.cpp
  ArchiveFolderOpen.cpp
  ArchiveFolderOut.cpp
  UpdateCallbackAgent.cpp
  ArchiveExtractCallback.cpp
  ArchiveName.cpp
  ArchiveOpenCallback.cpp
  CompressCall.cpp
  DefaultName.cpp
  EnumDirItems.cpp
  正在生成代码...
  正在编译...
  ExtractingFilePath.cpp
  LoadCodecs.cpp
  OpenArchive.cpp
  PropIDUtils.cpp
  SortUtils.cpp
  UpdateAction.cpp
  UpdateCallback.cpp
  UpdatePair.cpp
  UpdateProduce.cpp
  WorkDir.cpp
  ZipRegistry.cpp
  ContextMenu.cpp
  RegistryContextMenu.cpp
  AboutDialog.cpp
  App.cpp
  BrowseDialog.cpp
  ClassDefs.cpp
  ComboDialog.cpp
  CopyDialog.cpp
  EditPage.cpp
  正在生成代码...
  正在编译...
  EnumFormatEtc.cpp
  ExtractCallback.cpp
  FileFolderPluginOpen.cpp
  FilePlugins.cpp
  FM.cpp
D:\github\7zip\7z920.tar\7z920\CPP\Windows\NtCheck.h(13,13): warning C4996: 'GetVersionExA': 被声明为已否决
D:\github\7zip\7z920.tar\7z920\CPP\7zip\UI\FileManager\FM.cpp(353,10): warning C4996: 'GetVersionExA': 被声明为已否决
  FoldersPage.cpp
  FormatUtils.cpp
  FSDrives.cpp
  FSFolder.cpp
D:\github\7zip\7z920.tar\7z920\CPP\7zip\UI\FileManager\FSFolder.cpp(250,21): error C2039: "GetCompressedFileSizeW": 不是 "`global namespace'" 的成员
D:\github\7zip\7z920.tar\7z920\CPP\7zip\UI\FileManager\FSFolder.cpp(250,43): error C3861: “GetCompressedFileSizeW”: 找不到标识符
D:\github\7zip\7z920.tar\7z920\CPP\7zip\UI\FileManager\FSFolder.cpp(257,21): error C2039: "GetCompressedFileSizeW": 不是 "`global namespace'" 的成员
D:\github\7zip\7z920.tar\7z920\CPP\7zip\UI\FileManager\FSFolder.cpp(257,43): error C3861: “GetCompressedFileSizeW”: 找不到标识符
  FSFolderCopy.cpp
  HelpUtils.cpp
  LangPage.cpp
  LangUtils.cpp
  ListViewDialog.cpp
  MenuPage.cpp
  MessagesDialog.cpp
  MyLoadMenu.cpp
  NetFolder.cpp
  OpenCallback.cpp
  OptionsDialog.cpp
  正在生成代码...
  正在编译...
  OverwriteDialog.cpp
  Panel.cpp
  PanelCopy.cpp
  PanelCrc.cpp
  PanelDrag.cpp
  PanelFolderChange.cpp
  PanelItemOpen.cpp
  PanelItems.cpp
  PanelKey.cpp
  PanelListNotify.cpp
  PanelMenu.cpp
  PanelOperations.cpp
  PanelSelect.cpp
  PanelSort.cpp
  PanelSplitFile.cpp
  PasswordDialog.cpp
  ProgramLocation.cpp
  ProgressDialog2.cpp
  PropertyName.cpp
  RegistryAssociations.cpp
  正在生成代码...
  正在编译...
  RegistryPlugins.cpp
  RegistryUtils.cpp
  RootFolder.cpp
  SettingsPage.cpp
  SplitDialog.cpp
  SplitUtils.cpp
  StringUtils.cpp
  SysIconUtils.cpp
  SystemPage.cpp
  TextPairs.cpp
  UpdateCallback100.cpp
  ViewSettings.cpp
  正在生成代码...
